-------------------------------------------------------------------------------
Test set: com.cicd.calculator.domain.CalculatorTest
-------------------------------------------------------------------------------
Tests run: 12, Failures: 1, Errors: 0, Skipped: 0, Time elapsed: 0.059 s <<< FAILURE! - in com.cicd.calculator.domain.CalculatorTest
addMaxValue  Time elapsed: 0.009 s  <<< FAILURE!
org.opentest4j.AssertionFailedError: One or both terms are exceeding allowed MAX value of 2147483647. ==> Expected java.lang.ArithmeticException to be thrown, but nothing was thrown.
	at com.cicd.calculator.domain.CalculatorTest.addMaxValue(CalculatorTest.java:118)

